c:\users\olivier\documents\github\activewallpaper\activewallpaper\activewallpaper\debug\vc142.pdb
c:\users\olivier\documents\github\activewallpaper\activewallpaper\activewallpaper\debug\vc142.idb
c:\users\olivier\documents\github\activewallpaper\activewallpaper\activewallpaper\debug\source.obj
c:\users\olivier\documents\github\activewallpaper\activewallpaper\activewallpaper\debug\activewallpaper.obj
c:\users\olivier\documents\github\activewallpaper\activewallpaper\activewallpaper\debug\videoplayer.obj
c:\users\olivier\documents\github\activewallpaper\activewallpaper\activewallpaper\debug\seeker.obj
c:\users\olivier\documents\github\activewallpaper\activewallpaper\activewallpaper\debug\activewallpaper.res
c:\users\olivier\documents\github\activewallpaper\activewallpaper\activewallpaper\debug\activewallpaper.vcxprojassemblyreference.cache
c:\users\olivier\documents\github\activewallpaper\activewallpaper\activewallpaper\debug\activewallpaper.obj.enc
c:\users\olivier\documents\github\activewallpaper\activewallpaper\activewallpaper\debug\activewallpaper.pdb
c:\users\olivier\documents\github\activewallpaper\activewallpaper\activewallpaper\debug\activewallpaper.tlog\cl.command.1.tlog
c:\users\olivier\documents\github\activewallpaper\activewallpaper\activewallpaper\debug\activewallpaper.tlog\cl.read.1.tlog
c:\users\olivier\documents\github\activewallpaper\activewallpaper\activewallpaper\debug\activewallpaper.tlog\cl.write.1.tlog
c:\users\olivier\documents\github\activewallpaper\activewallpaper\activewallpaper\debug\activewallpaper.tlog\link-cvtres.read.1.tlog
c:\users\olivier\documents\github\activewallpaper\activewallpaper\activewallpaper\debug\activewallpaper.tlog\link-cvtres.write.1.tlog
c:\users\olivier\documents\github\activewallpaper\activewallpaper\activewallpaper\debug\activewallpaper.tlog\link-rc.read.1.tlog
c:\users\olivier\documents\github\activewallpaper\activewallpaper\activewallpaper\debug\activewallpaper.tlog\link-rc.write.1.tlog
c:\users\olivier\documents\github\activewallpaper\activewallpaper\activewallpaper\debug\activewallpaper.tlog\link.43748-cvtres.read.1.tlog
c:\users\olivier\documents\github\activewallpaper\activewallpaper\activewallpaper\debug\activewallpaper.tlog\link.43748-cvtres.write.1.tlog
c:\users\olivier\documents\github\activewallpaper\activewallpaper\activewallpaper\debug\activewallpaper.tlog\link.43748-rc.read.1.tlog
c:\users\olivier\documents\github\activewallpaper\activewallpaper\activewallpaper\debug\activewallpaper.tlog\link.43748-rc.write.1.tlog
c:\users\olivier\documents\github\activewallpaper\activewallpaper\activewallpaper\debug\activewallpaper.tlog\link.43748.read.1.tlog
c:\users\olivier\documents\github\activewallpaper\activewallpaper\activewallpaper\debug\activewallpaper.tlog\link.43748.write.1.tlog
c:\users\olivier\documents\github\activewallpaper\activewallpaper\activewallpaper\debug\activewallpaper.tlog\link.command.1.tlog
c:\users\olivier\documents\github\activewallpaper\activewallpaper\activewallpaper\debug\activewallpaper.tlog\link.read.1.tlog
c:\users\olivier\documents\github\activewallpaper\activewallpaper\activewallpaper\debug\activewallpaper.tlog\link.write.1.tlog
c:\users\olivier\documents\github\activewallpaper\activewallpaper\activewallpaper\debug\activewallpaper.tlog\metagen.write.1.tlog
c:\users\olivier\documents\github\activewallpaper\activewallpaper\activewallpaper\debug\activewallpaper.tlog\rc.command.1.tlog
c:\users\olivier\documents\github\activewallpaper\activewallpaper\activewallpaper\debug\activewallpaper.tlog\rc.read.1.tlog
c:\users\olivier\documents\github\activewallpaper\activewallpaper\activewallpaper\debug\activewallpaper.tlog\rc.write.1.tlog
